[database] [2025-05-29 04:48:32.308 PM]: 	Database connected successfully.
[database] [2025-05-29 04:48:32.333 PM]: 	A new client connection was established.
[database] [2025-05-29 04:48:32.335 PM]: 	A new client connection was established.
[database] [2025-05-29 04:48:32.336 PM]: 	A new client connection was established.
[database] [2025-05-29 04:48:32.337 PM]: 	Listening to LOGIN channel
[database] [2025-05-29 04:48:32.338 PM]: 	Listening to REGISTER channel
[database] [2025-05-29 04:48:32.339 PM]: 	A new client connection was established.
[database] [2025-05-29 04:48:32.340 PM]: 	A new client connection was established.
[database] [2025-05-29 04:48:32.341 PM]: 	A new client connection was established.
[database] [2025-05-29 04:48:32.341 PM]: 	A new client connection was established.
[database] [2025-05-29 04:48:32.342 PM]: 	Listening to PRODUCT channel
[database] [2025-05-29 04:48:32.343 PM]: 	Listening to STAFF channel
[database] [2025-05-29 04:48:32.343 PM]: 	Listening to OWNER channel
[database] [2025-05-29 04:48:32.343 PM]: 	Listening to REFILLINGSTATION channel
[database] [2025-05-29 04:48:32.344 PM]: 	Listening to SALES channel
[database] [2025-05-29 04:48:32.344 PM]: 	Listening to CUSTOMER channel
[database] [2025-05-29 04:48:32.345 PM]: 	A new client connection was established.
[database] [2025-05-29 05:05:27.511 PM]: 	Database connected successfully.
[database] [2025-05-29 05:05:27.535 PM]: 	A new client connection was established.
[database] [2025-05-29 05:05:27.537 PM]: 	A new client connection was established.
[database] [2025-05-29 05:05:27.538 PM]: 	A new client connection was established.
[database] [2025-05-29 05:05:27.539 PM]: 	A new client connection was established.
[database] [2025-05-29 05:05:27.540 PM]: 	A new client connection was established.
[database] [2025-05-29 05:05:27.541 PM]: 	A new client connection was established.
[database] [2025-05-29 05:05:27.542 PM]: 	Listening to LOGIN channel
[database] [2025-05-29 05:05:27.544 PM]: 	Listening to REGISTER channel
[database] [2025-05-29 05:05:27.544 PM]: 	Listening to CUSTOMER channel
[database] [2025-05-29 05:05:27.545 PM]: 	Listening to PRODUCT channel
[database] [2025-05-29 05:05:27.545 PM]: 	Listening to STAFF channel
[database] [2025-05-29 05:05:27.545 PM]: 	Listening to OWNER channel
[database] [2025-05-29 05:05:27.546 PM]: 	A new client connection was established.
[database] [2025-05-29 05:05:27.546 PM]: 	Listening to REFILLINGSTATION channel
[database] [2025-05-29 05:05:27.547 PM]: 	Listening to SALES channel
[database] [2025-05-29 05:05:27.548 PM]: 	A new client connection was established.
[database] [2025-05-29 05:06:59.517 PM]: 	Database connected successfully.
[database] [2025-05-29 05:06:59.543 PM]: 	A new client connection was established.
[database] [2025-05-29 05:06:59.546 PM]: 	A new client connection was established.
[database] [2025-05-29 05:06:59.547 PM]: 	A new client connection was established.
[database] [2025-05-29 05:06:59.548 PM]: 	A new client connection was established.
[database] [2025-05-29 05:06:59.548 PM]: 	A new client connection was established.
[database] [2025-05-29 05:06:59.550 PM]: 	Listening to LOGIN channel
[database] [2025-05-29 05:06:59.551 PM]: 	Listening to REGISTER channel
[database] [2025-05-29 05:06:59.552 PM]: 	Listening to CUSTOMER channel
[database] [2025-05-29 05:06:59.552 PM]: 	Listening to PRODUCT channel
[database] [2025-05-29 05:06:59.553 PM]: 	A new client connection was established.
[database] [2025-05-29 05:06:59.553 PM]: 	A new client connection was established.
[database] [2025-05-29 05:06:59.554 PM]: 	Listening to OWNER channel
[database] [2025-05-29 05:06:59.554 PM]: 	Listening to REFILLINGSTATION channel
[database] [2025-05-29 05:06:59.554 PM]: 	Listening to SALES channel
[database] [2025-05-29 05:06:59.555 PM]: 	Listening to STAFF channel
[database] [2025-05-29 05:06:59.556 PM]: 	A new client connection was established.
[database] [2025-05-29 05:09:02.498 PM]: 	Database connected successfully.
[database] [2025-05-29 05:09:02.528 PM]: 	A new client connection was established.
[database] [2025-05-29 05:09:02.531 PM]: 	A new client connection was established.
[database] [2025-05-29 05:09:02.532 PM]: 	A new client connection was established.
[database] [2025-05-29 05:09:02.533 PM]: 	A new client connection was established.
[database] [2025-05-29 05:09:02.534 PM]: 	A new client connection was established.
[database] [2025-05-29 05:09:02.536 PM]: 	Listening to LOGIN channel
[database] [2025-05-29 05:09:02.537 PM]: 	Listening to REGISTER channel
[database] [2025-05-29 05:09:02.537 PM]: 	Listening to CUSTOMER channel
[database] [2025-05-29 05:09:02.538 PM]: 	Listening to PRODUCT channel
[database] [2025-05-29 05:09:02.538 PM]: 	Listening to STAFF channel
[database] [2025-05-29 05:09:02.539 PM]: 	A new client connection was established.
[database] [2025-05-29 05:09:02.539 PM]: 	A new client connection was established.
[database] [2025-05-29 05:09:02.540 PM]: 	Listening to OWNER channel
[database] [2025-05-29 05:09:02.540 PM]: 	Listening to REFILLINGSTATION channel
[database] [2025-05-29 05:09:02.540 PM]: 	Listening to SALES channel
[database] [2025-05-29 05:09:02.541 PM]: 	A new client connection was established.
[database] [2025-05-29 05:12:38.838 PM]: 	Database connected successfully.
[database] [2025-05-29 05:12:38.864 PM]: 	A new client connection was established.
[database] [2025-05-29 05:12:38.866 PM]: 	A new client connection was established.
[database] [2025-05-29 05:12:38.867 PM]: 	A new client connection was established.
[database] [2025-05-29 05:12:38.868 PM]: 	A new client connection was established.
[database] [2025-05-29 05:12:38.869 PM]: 	Listening to LOGIN channel
[database] [2025-05-29 05:12:38.870 PM]: 	Listening to REGISTER channel
[database] [2025-05-29 05:12:38.871 PM]: 	Listening to CUSTOMER channel
[database] [2025-05-29 05:12:38.872 PM]: 	A new client connection was established.
[database] [2025-05-29 05:12:38.872 PM]: 	A new client connection was established.
[database] [2025-05-29 05:12:38.873 PM]: 	A new client connection was established.
[database] [2025-05-29 05:12:38.874 PM]: 	Listening to STAFF channel
[database] [2025-05-29 05:12:38.874 PM]: 	Listening to OWNER channel
[database] [2025-05-29 05:12:38.874 PM]: 	Listening to REFILLINGSTATION channel
[database] [2025-05-29 05:12:38.875 PM]: 	Listening to SALES channel
[database] [2025-05-29 05:12:38.875 PM]: 	Listening to PRODUCT channel
[database] [2025-05-29 05:12:38.876 PM]: 	A new client connection was established.
[database] [2025-05-29 05:15:26.552 PM]: 	Database connected successfully.
[database] [2025-05-29 05:15:26.577 PM]: 	A new client connection was established.
[database] [2025-05-29 05:15:26.580 PM]: 	A new client connection was established.
[database] [2025-05-29 05:15:26.581 PM]: 	A new client connection was established.
[database] [2025-05-29 05:15:26.582 PM]: 	A new client connection was established.
[database] [2025-05-29 05:15:26.583 PM]: 	Listening to LOGIN channel
[database] [2025-05-29 05:15:26.584 PM]: 	Listening to REGISTER channel
[database] [2025-05-29 05:15:26.585 PM]: 	Listening to CUSTOMER channel
[database] [2025-05-29 05:15:26.585 PM]: 	Listening to PRODUCT channel
[database] [2025-05-29 05:15:26.586 PM]: 	A new client connection was established.
[database] [2025-05-29 05:15:26.587 PM]: 	A new client connection was established.
[database] [2025-05-29 05:15:26.587 PM]: 	A new client connection was established.
[database] [2025-05-29 05:15:26.588 PM]: 	A new client connection was established.
[database] [2025-05-29 05:15:26.588 PM]: 	Listening to STAFF channel
[database] [2025-05-29 05:15:26.589 PM]: 	Listening to OWNER channel
[database] [2025-05-29 05:15:26.589 PM]: 	Listening to REFILLINGSTATION channel
[database] [2025-05-29 05:15:26.589 PM]: 	Listening to SALES channel
[database] [2025-05-29 05:17:03.492 PM]: 	Database connected successfully.
[database] [2025-05-29 05:17:03.516 PM]: 	A new client connection was established.
[database] [2025-05-29 05:17:03.518 PM]: 	A new client connection was established.
[database] [2025-05-29 05:17:03.519 PM]: 	A new client connection was established.
[database] [2025-05-29 05:17:03.521 PM]: 	Listening to LOGIN channel
[database] [2025-05-29 05:17:03.521 PM]: 	Listening to REGISTER channel
[database] [2025-05-29 05:17:03.522 PM]: 	A new client connection was established.
[database] [2025-05-29 05:17:03.523 PM]: 	A new client connection was established.
[database] [2025-05-29 05:17:03.524 PM]: 	A new client connection was established.
[database] [2025-05-29 05:17:03.525 PM]: 	A new client connection was established.
[database] [2025-05-29 05:17:03.526 PM]: 	Listening to PRODUCT channel
[database] [2025-05-29 05:17:03.526 PM]: 	Listening to STAFF channel
[database] [2025-05-29 05:17:03.526 PM]: 	Listening to OWNER channel
[database] [2025-05-29 05:17:03.527 PM]: 	Listening to REFILLINGSTATION channel
[database] [2025-05-29 05:17:03.527 PM]: 	Listening to SALES channel
[database] [2025-05-29 05:17:03.528 PM]: 	Listening to CUSTOMER channel
[database] [2025-05-29 05:17:03.528 PM]: 	A new client connection was established.
[database] [2025-05-29 06:33:26.081 PM]: 	Database connected successfully.
[database] [2025-05-29 06:33:26.117 PM]: 	A new client connection was established.
[database] [2025-05-29 06:33:26.119 PM]: 	A new client connection was established.
[database] [2025-05-29 06:33:26.120 PM]: 	A new client connection was established.
[database] [2025-05-29 06:33:26.121 PM]: 	A new client connection was established.
[database] [2025-05-29 06:33:26.122 PM]: 	A new client connection was established.
[database] [2025-05-29 06:33:26.123 PM]: 	Listening to LOGIN channel
[database] [2025-05-29 06:33:26.124 PM]: 	Listening to REGISTER channel
[database] [2025-05-29 06:33:26.125 PM]: 	Listening to CUSTOMER channel
[database] [2025-05-29 06:33:26.126 PM]: 	Listening to PRODUCT channel
[database] [2025-05-29 06:33:26.126 PM]: 	Listening to STAFF channel
[database] [2025-05-29 06:33:26.127 PM]: 	A new client connection was established.
[database] [2025-05-29 06:33:26.128 PM]: 	A new client connection was established.
[database] [2025-05-29 06:33:26.128 PM]: 	A new client connection was established.
[database] [2025-05-29 06:33:26.129 PM]: 	Listening to OWNER channel
[database] [2025-05-29 06:33:26.129 PM]: 	Listening to REFILLINGSTATION channel
[database] [2025-05-29 06:33:26.129 PM]: 	Listening to SALES channel
[database] [2025-05-29 06:44:36.958 PM]: 	Database connected successfully.
[database] [2025-05-29 06:44:37.002 PM]: 	A new client connection was established.
[database] [2025-05-29 06:44:37.005 PM]: 	A new client connection was established.
[database] [2025-05-29 06:44:37.006 PM]: 	A new client connection was established.
[database] [2025-05-29 06:44:37.007 PM]: 	A new client connection was established.
[database] [2025-05-29 06:44:37.008 PM]: 	A new client connection was established.
[database] [2025-05-29 06:44:37.010 PM]: 	A new client connection was established.
[database] [2025-05-29 06:44:37.011 PM]: 	Listening to LOGIN channel
[database] [2025-05-29 06:44:37.012 PM]: 	Listening to REGISTER channel
[database] [2025-05-29 06:44:37.012 PM]: 	Listening to CUSTOMER channel
[database] [2025-05-29 06:44:37.013 PM]: 	Listening to PRODUCT channel
[database] [2025-05-29 06:44:37.013 PM]: 	Listening to STAFF channel
[database] [2025-05-29 06:44:37.014 PM]: 	A new client connection was established.
[database] [2025-05-29 06:44:37.014 PM]: 	A new client connection was established.
[database] [2025-05-29 06:44:37.015 PM]: 	Listening to REFILLINGSTATION channel
[database] [2025-05-29 06:44:37.015 PM]: 	Listening to SALES channel
[database] [2025-05-29 06:44:37.016 PM]: 	Listening to OWNER channel
[database] [2025-05-29 06:53:46.576 PM]: 	Database connected successfully.
[database] [2025-05-29 06:53:46.601 PM]: 	A new client connection was established.
[database] [2025-05-29 06:53:46.603 PM]: 	A new client connection was established.
[database] [2025-05-29 06:53:46.605 PM]: 	Listening to LOGIN channel
[database] [2025-05-29 06:53:46.606 PM]: 	A new client connection was established.
[database] [2025-05-29 06:53:46.607 PM]: 	A new client connection was established.
[database] [2025-05-29 06:53:46.608 PM]: 	A new client connection was established.
[database] [2025-05-29 06:53:46.610 PM]: 	Listening to CUSTOMER channel
[database] [2025-05-29 06:53:46.610 PM]: 	Listening to PRODUCT channel
[database] [2025-05-29 06:53:46.611 PM]: 	Listening to STAFF channel
[database] [2025-05-29 06:53:46.612 PM]: 	Listening to REGISTER channel
[database] [2025-05-29 06:53:46.613 PM]: 	Listening to REFILLINGSTATION channel
[database] [2025-05-29 06:53:46.613 PM]: 	Listening to SALES channel
[database] [2025-05-29 06:53:46.613 PM]: 	Listening to OWNER channel
[database] [2025-05-29 06:53:46.614 PM]: 	A new client connection was established.
[database] [2025-05-29 06:53:46.615 PM]: 	A new client connection was established.
[database] [2025-05-29 06:53:46.616 PM]: 	A new client connection was established.
[database] [2025-05-29 07:10:51.192 PM]: 	Database connected successfully.
[database] [2025-05-29 07:10:51.218 PM]: 	A new client connection was established.
[database] [2025-05-29 07:10:51.220 PM]: 	A new client connection was established.
[database] [2025-05-29 07:10:51.221 PM]: 	A new client connection was established.
[database] [2025-05-29 07:10:51.223 PM]: 	Listening to LOGIN channel
[database] [2025-05-29 07:10:51.223 PM]: 	Listening to REGISTER channel
[database] [2025-05-29 07:10:51.224 PM]: 	A new client connection was established.
[database] [2025-05-29 07:10:51.225 PM]: 	A new client connection was established.
[database] [2025-05-29 07:10:51.226 PM]: 	A new client connection was established.
[database] [2025-05-29 07:10:51.227 PM]: 	A new client connection was established.
[database] [2025-05-29 07:10:51.227 PM]: 	Listening to PRODUCT channel
[database] [2025-05-29 07:10:51.228 PM]: 	Listening to STAFF channel
[database] [2025-05-29 07:10:51.228 PM]: 	Listening to OWNER channel
[database] [2025-05-29 07:10:51.229 PM]: 	Listening to REFILLINGSTATION channel
[database] [2025-05-29 07:10:51.229 PM]: 	Listening to SALES channel
[database] [2025-05-29 07:10:51.229 PM]: 	Listening to CUSTOMER channel
[database] [2025-05-29 07:10:51.230 PM]: 	A new client connection was established.
[database] [2025-05-29 07:15:02.601 PM]: 	Database connected successfully.
[database] [2025-05-29 07:15:02.623 PM]: 	A new client connection was established.
[database] [2025-05-29 07:15:02.626 PM]: 	A new client connection was established.
[database] [2025-05-29 07:15:02.629 PM]: 	Listening to LOGIN channel
[database] [2025-05-29 07:15:02.629 PM]: 	A new client connection was established.
[database] [2025-05-29 07:15:02.632 PM]: 	Listening to CUSTOMER channel
[database] [2025-05-29 07:15:02.633 PM]: 	Listening to PRODUCT channel
[database] [2025-05-29 07:15:02.634 PM]: 	Listening to REGISTER channel
[database] [2025-05-29 07:15:02.635 PM]: 	A new client connection was established.
[database] [2025-05-29 07:15:02.636 PM]: 	Listening to STAFF channel
[database] [2025-05-29 07:15:02.637 PM]: 	Listening to OWNER channel
[database] [2025-05-29 07:15:02.637 PM]: 	Listening to REFILLINGSTATION channel
[database] [2025-05-29 07:15:02.638 PM]: 	Listening to SALES channel
[database] [2025-05-29 07:15:02.640 PM]: 	A new client connection was established.
[database] [2025-05-29 07:15:02.641 PM]: 	A new client connection was established.
[database] [2025-05-29 07:15:02.642 PM]: 	A new client connection was established.
[database] [2025-05-29 07:15:02.643 PM]: 	A new client connection was established.
[database] [2025-05-29 07:38:45.799 PM]: 	Database connected successfully.
[database] [2025-05-29 07:38:45.835 PM]: 	A new client connection was established.
[database] [2025-05-29 07:38:45.839 PM]: 	A new client connection was established.
[database] [2025-05-29 07:38:45.841 PM]: 	A new client connection was established.
[database] [2025-05-29 07:38:45.844 PM]: 	Listening to LOGIN channel
[database] [2025-05-29 07:38:45.846 PM]: 	Listening to REGISTER channel
[database] [2025-05-29 07:38:45.848 PM]: 	A new client connection was established.
[database] [2025-05-29 07:38:45.849 PM]: 	A new client connection was established.
[database] [2025-05-29 07:38:45.850 PM]: 	A new client connection was established.
[database] [2025-05-29 07:38:45.851 PM]: 	A new client connection was established.
[database] [2025-05-29 07:38:45.853 PM]: 	Listening to PRODUCT channel
[database] [2025-05-29 07:38:45.853 PM]: 	Listening to STAFF channel
[database] [2025-05-29 07:38:45.854 PM]: 	Listening to OWNER channel
[database] [2025-05-29 07:38:45.854 PM]: 	Listening to REFILLINGSTATION channel
[database] [2025-05-29 07:38:45.855 PM]: 	Listening to SALES channel
[database] [2025-05-29 07:38:45.856 PM]: 	Listening to CUSTOMER channel
[database] [2025-05-29 07:38:45.857 PM]: 	A new client connection was established.
