[error] [2025-05-29 05:13:09.569 PM]: 	Response being sent: bcrypt is not defined
[error] [2025-05-29 05:15:31.360 PM]: 	Response being sent: GenerateToken is not defined
[error] [2025-05-29 05:17:12.510 PM]: 	Response being sent: insert into "Customer" ("customer_address", "customer_address_lat", "customer_address_long", "customer_fname", "customer_gender", "customer_lname", "customer_password", "customer_phone_num", "customer_username") values ($1, $2, $3, $4, $5, $6, $7, $8, $9) returning "customer_id" - duplicate key value violates unique constraint "Customer_customer_username_key"
[error] [2025-05-29 06:42:46.809 PM]: 	Response being sent: passfield is not defined
[error] [2025-05-29 06:43:07.879 PM]: 	Response being sent: User not found! | status: 404
[error] [2025-05-29 06:43:21.674 PM]: 	Response being sent: User not found! | status: 404
[error] [2025-05-29 06:45:10.890 PM]: 	Response being sent: User not found! | status: 404
[error] [2025-05-29 07:06:41.207 PM]: 	Response being sent: User not found! | status: 404
[error] [2025-05-29 07:11:04.417 PM]: 	Response being sent: data and hash arguments required
[error] [2025-05-29 07:15:29.763 PM]: 	Response being sent: User not found! | status: 404
[error] [2025-05-29 07:15:58.738 PM]: 	Response being sent: User not found! | status: 404
[error] [2025-05-29 07:16:01.798 PM]: 	Response being sent: User not found! | status: 404
[error] [2025-05-29 07:16:06.957 PM]: 	Response being sent: User not found! | status: 404
[error] [2025-05-29 07:16:12.454 PM]: 	Response being sent: User not found! | status: 404
[error] [2025-05-29 07:16:42.377 PM]: 	Response being sent: User not found! | status: 404
[error] [2025-05-29 07:17:00.630 PM]: 	Response being sent: User not found! | status: 404
[error] [2025-05-29 07:17:06.739 PM]: 	Response being sent: User not found! | status: 404
[error] [2025-05-29 07:17:12.391 PM]: 	Response being sent: User not found! | status: 404
[error] [2025-05-29 07:17:32.622 PM]: 	Response being sent: User not found! | status: 404
[error] [2025-05-29 07:41:50.919 PM]: 	Response being sent: User not found! | status: 404
[error] [2025-05-29 07:57:19.936 PM]: 	Response being sent: User not found! | status: 404
[error] [2025-05-29 08:19:00.145 PM]: 	Response being sent: User not found! | status: 404
[error] [2025-05-29 08:19:05.355 PM]: 	Response being sent: User not found! | status: 404
